<?xml version="1.0" encoding="UTF-8"?>
<testsuite name="com.example.testtab.ExampleUnitTest" tests="1" skipped="0" failures="0" errors="0" timestamp="2023-02-24T10:44:49" hostname="DESKTOP-RCLK5L8" time="0.004">
  <properties/>
  <testcase name="addition_isCorrect" classname="com.example.testtab.ExampleUnitTest" time="0.004"/>
  <system-out><![CDATA[]]></system-out>
  <system-err><![CDATA[]]></system-err>
</testsuite>
